<?xml version="1.0" encoding="UTF-8"?>
<!-- Generated by org.testng.reporters.JUnitXMLReporter -->
<testsuite hostname="ATMECSINLT-044" ignored="0" name="Default test" tests="5" failures="0" timestamp="19 Sep 2019 06:06:22 GMT" time="124.598" errors="0">
  <testcase name="signUp" time="15.176" classname="com.atmecs.phptravels.tests.PhpTravels_signUp"/>
  <testcase name="signUp" time="14.261" classname="com.atmecs.phptravels.tests.PhpTravels_signUp"/>
  <testcase name="signUp" time="14.151" classname="com.atmecs.phptravels.tests.PhpTravels_signUp"/>
  <testcase name="signUp" time="14.928" classname="com.atmecs.phptravels.tests.PhpTravels_signUp"/>
  <testcase name="signUp" time="14.831" classname="com.atmecs.phptravels.tests.PhpTravels_signUp"/>
</testsuite> <!-- Default test -->
